#
# An unexpected error has occurred (11)
#
Stack:
/usr/home/enstb1/Xilinx/Vivado2019.2/Vivado/2019.2/tps/lnx64/jre9.0.4/lib//server/libjvm.so(+0xb6aadb) [0x7f7ba508badb]
/usr/home/enstb1/Xilinx/Vivado2019.2/Vivado/2019.2/tps/lnx64/jre9.0.4/lib//server/libjvm.so(JVM_handle_linux_signal+0xbb) [0x7f7ba5090e1b]
/usr/home/enstb1/Xilinx/Vivado2019.2/Vivado/2019.2/tps/lnx64/jre9.0.4/lib//server/libjvm.so(+0xb647b8) [0x7f7ba50857b8]
/lib/x86_64-linux-gnu/libc.so.6(+0x43090) [0x7f7bf00c4090]
/usr/home/enstb1/Xilinx/Vivado2019.2/Vivado/2019.2/lib/lnx64.o/librdi_simbridge_kernel.so(SimBridge::CArray::empty() const+0) [0x7f7ba9f13540]
/usr/home/enstb1/Xilinx/Vivado2019.2/Vivado/2019.2/lib/lnx64.o/librdi_simbridge_kernel.so(SimBridge::WdbEventBlock::addBlock(SimBridge::WdbIBlockManager&, unsigned int&) const+0x1e) [0x7f7ba9f13c1e]
/usr/home/enstb1/Xilinx/Vivado2019.2/Vivado/2019.2/lib/lnx64.o/librdi_simbridge_kernel.so(SimBridge::WdbMultipleBucketEventDatabase::getEventBlockDatabaseIterator(std::vector<SimBridge::WdbScalarBTree*, std::allocator<SimBridge::WdbScalarBTree*> > const&, std::vector<boost::shared_ptr<SimBridge::WdbIEventBlockIterator>, std::allocator<boost::shared_ptr<SimBridge::WdbIEventBlockIterator> > >&, std::vector<std::vector<SimBridge::WdbScalarBTree*, std::allocator<SimBridge::WdbScalarBTree*> >, std::allocator<std::vector<SimBridge::WdbScalarBTree*, std::allocator<SimBridge::WdbScalarBTree*> > > >&) const+0x691) [0x7f7ba9f2cfd1]
/usr/home/enstb1/Xilinx/Vivado2019.2/Vivado/2019.2/lib/lnx64.o/librdi_simbridge_kernel.so(SimBridge::WdbAddressBTreeManager::scanWdbDatabaseMultiThread(std::vector<SimBridge::WdbScalarBTree*, std::allocator<SimBridge::WdbScalarBTree*> > const&, ISIM::IGuiStatus*)+0xc4) [0x7f7ba9f0ab74]
/usr/home/enstb1/Xilinx/Vivado2019.2/Vivado/2019.2/lib/lnx64.o/librdi_wavedata.so(SimBridge::DataObjMgr::createDrawingBTree(std::vector<SimBridge::IDataObj const*, std::allocator<SimBridge::IDataObj const*> > const&, ISIM::IGuiStatus*, bool)+0x32a) [0x7f7bb34ebc1a]
/usr/home/enstb1/Xilinx/Vivado2019.2/Vivado/2019.2/lib/lnx64.o/librdi_wavedata.so(+0x2d8c32) [0x7f7bb35a5c32]
/usr/home/enstb1/Xilinx/Vivado2019.2/Vivado/2019.2/lib/lnx64.o/librdi_wavedata.so(+0x2d8edc) [0x7f7bb35a5edc]
/usr/home/enstb1/Xilinx/Vivado2019.2/Vivado/2019.2/lib/lnx64.o/librdi_wavedata.so(SG_Model::ModelImp::updateData(SG_Model::WVDataObject*, bool)+0x30f) [0x7f7bb359fe8f]
/usr/home/enstb1/Xilinx/Vivado2019.2/Vivado/2019.2/lib/lnx64.o/librdi_wavedata.so(SG_Model::ModelImp::updateData(SG_Model::WVDataObject*, bool)+0x18f) [0x7f7bb359fd0f]
/usr/home/enstb1/Xilinx/Vivado2019.2/Vivado/2019.2/lib/lnx64.o/librdi_wavedata.so(SG_Model::ModelImp::updateData()+0x96b) [0x7f7bb35a0b7b]
/usr/home/enstb1/Xilinx/Vivado2019.2/Vivado/2019.2/lib/lnx64.o/librdi_wavedata.so(SG_Model::Model::read(std::__cxx11::basic_string<char, std::char_traits<char>, std::allocator<char> > const&, SG_Model::IReporter&, ISIM::IGuiStatus*)+0x20d) [0x7f7bb35a230d]
/usr/home/enstb1/Xilinx/Vivado2019.2/Vivado/2019.2/lib/lnx64.o/librdi_wavedata.so(WVDAppInterface::WVDWindowManager::openWcfg(std::__cxx11::basic_string<char, std::char_traits<char>, std::allocator<char> > const&, SG_Model::IDesignManager::ConnectMode, ISIM::IGuiStatus*)+0x143) [0x7f7bb346f983]
/usr/home/enstb1/Xilinx/Vivado2019.2/Vivado/2019.2/lib/lnx64.o/librdi_wavedatatasks.so(+0xa2ad3) [0x7f7b6f393ad3]
/usr/home/enstb1/Xilinx/Vivado2019.2/Vivado/2019.2/lib/lnx64.o/librdi_common.so(+0x86eca2) [0x7f7bf12ceca2]
/usr/home/enstb1/Xilinx/Vivado2019.2/Vivado/2019.2/lib/lnx64.o/libtcl8.5.so(+0x334af) [0x7f7beb97e4af]
/usr/home/enstb1/Xilinx/Vivado2019.2/Vivado/2019.2/lib/lnx64.o/libtcl8.5.so(Tcl_EvalObjv+0x32) [0x7f7beb97e5e2]
/usr/home/enstb1/Xilinx/Vivado2019.2/Vivado/2019.2/lib/lnx64.o/libtcl8.5.so(TclEvalObjEx+0x322) [0x7f7beb980402]
/usr/home/enstb1/Xilinx/Vivado2019.2/Vivado/2019.2/lib/lnx64.o/librdi_common.so(hdi::tcltasks::task_manager::eval_in_tcl(Tcl_Interp*, Tcl_Obj*, char const*, bool)+0xab9) [0x7f7bf12d0ad9]
/usr/home/enstb1/Xilinx/Vivado2019.2/Vivado/2019.2/lib/lnx64.o/librdi_simtcltasks.so(+0x13af82) [0x7f7b6c4baf82]
/usr/home/enstb1/Xilinx/Vivado2019.2/Vivado/2019.2/lib/lnx64.o/librdi_common.so(+0x86eca2) [0x7f7bf12ceca2]
/usr/home/enstb1/Xilinx/Vivado2019.2/Vivado/2019.2/lib/lnx64.o/libtcl8.5.so(+0x334af) [0x7f7beb97e4af]
/usr/home/enstb1/Xilinx/Vivado2019.2/Vivado/2019.2/lib/lnx64.o/libtcl8.5.so(+0x34b38) [0x7f7beb97fb38]
/usr/home/enstb1/Xilinx/Vivado2019.2/Vivado/2019.2/lib/lnx64.o/libtcl8.5.so(Tcl_EvalEx+0x13) [0x7f7beb9800a3]
/usr/home/enstb1/Xilinx/Vivado2019.2/Vivado/2019.2/lib/lnx64.o/libtcl8.5.so(TclEvalObjEx+0x1e0) [0x7f7beb9802c0]
/usr/home/enstb1/Xilinx/Vivado2019.2/Vivado/2019.2/lib/lnx64.o/libtcl8.5.so(+0x3b375) [0x7f7beb986375]
/usr/home/enstb1/Xilinx/Vivado2019.2/Vivado/2019.2/lib/lnx64.o/libtcl8.5.so(+0x334af) [0x7f7beb97e4af]
/usr/home/enstb1/Xilinx/Vivado2019.2/Vivado/2019.2/lib/lnx64.o/libtcl8.5.so(+0x76875) [0x7f7beb9c1875]
/usr/home/enstb1/Xilinx/Vivado2019.2/Vivado/2019.2/lib/lnx64.o/libtcl8.5.so(+0x7e029) [0x7f7beb9c9029]
/usr/home/enstb1/Xilinx/Vivado2019.2/Vivado/2019.2/lib/lnx64.o/libtcl8.5.so(TclEvalObjEx+0x76) [0x7f7beb980156]
/usr/home/enstb1/Xilinx/Vivado2019.2/Vivado/2019.2/lib/lnx64.o/librdi_commontasks.so(+0x294bf4) [0x7f7be51ddbf4]
/usr/home/enstb1/Xilinx/Vivado2019.2/Vivado/2019.2/lib/lnx64.o/libtcl8.5.so(+0x334af) [0x7f7beb97e4af]
/usr/home/enstb1/Xilinx/Vivado2019.2/Vivado/2019.2/lib/lnx64.o/libtcl8.5.so(+0x76875) [0x7f7beb9c1875]
/usr/home/enstb1/Xilinx/Vivado2019.2/Vivado/2019.2/lib/lnx64.o/libtcl8.5.so(TclObjInterpProcCore+0x420) [0x7f7beba02df0]
/usr/home/enstb1/Xilinx/Vivado2019.2/Vivado/2019.2/lib/lnx64.o/libtcl8.5.so(+0x334af) [0x7f7beb97e4af]
/usr/home/enstb1/Xilinx/Vivado2019.2/Vivado/2019.2/lib/lnx64.o/libtcl8.5.so(Tcl_EvalObjv+0x32) [0x7f7beb97e5e2]
/usr/home/enstb1/Xilinx/Vivado2019.2/Vivado/2019.2/lib/lnx64.o/libtcl8.5.so(TclEvalObjEx+0x322) [0x7f7beb980402]
/usr/home/enstb1/Xilinx/Vivado2019.2/Vivado/2019.2/lib/lnx64.o/librdi_tcltasks.so(SimUtils::detail::execStep(Tcl_Interp*, std::__cxx11::basic_ostringstream<char, std::char_traits<char>, std::allocator<char> >&, std::__cxx11::basic_string<char, std::char_traits<char>, std::allocator<char> > const&, std::__cxx11::basic_string<char, std::char_traits<char>, std::allocator<char> > const&, std::__cxx11::basic_string<char, std::char_traits<char>, std::allocator<char> >&, bool&)+0x1fe) [0x7f7be2c8cfde]
/usr/home/enstb1/Xilinx/Vivado2019.2/Vivado/2019.2/lib/lnx64.o/librdi_tcltasks.so(SimUtils::detail::execSimStep(Tcl_Interp*, std::__cxx11::basic_ostringstream<char, std::char_traits<char>, std::allocator<char> >&, HAPUFSimulator*, HAPUFSimulator::TclProc, std::__cxx11::basic_string<char, std::char_traits<char>, std::allocator<char> > const&, bool, HADAFileSet*, std::__cxx11::basic_string<char, std::char_traits<char>, std::allocator<char> > const&, HAPUFSimulator::SimulationStep, bool, HDGUIStatus*)+0x75) [0x7f7be2c8d2f5]
/usr/home/enstb1/Xilinx/Vivado2019.2/Vivado/2019.2/lib/lnx64.o/librdi_tcltasks.so(HTCSimUtils::executeStep(Tcl_Interp*, HADAFileSet*, HADAFileSet*, HAPUFSimulator*, HDGUIStatus*, std::__cxx11::basic_string<char, std::char_traits<char>, std::allocator<char> > const&, std::__cxx11::basic_string<char, std::char_traits<char>, std::allocator<char> > const&, std::__cxx11::basic_string<char, std::char_traits<char>, std::allocator<char> > const&, bool, bool, bool, std::__cxx11::basic_ostringstream<char, std::char_traits<char>, std::allocator<char> >&)+0x4b7) [0x7f7be2c8d957]
/usr/home/enstb1/Xilinx/Vivado2019.2/Vivado/2019.2/lib/lnx64.o/librdi_tcltasks.so(+0x182d0c6) [0x7f7be2c370c6]
/usr/home/enstb1/Xilinx/Vivado2019.2/Vivado/2019.2/lib/lnx64.o/librdi_common.so(+0x86eca2) [0x7f7bf12ceca2]
/usr/home/enstb1/Xilinx/Vivado2019.2/Vivado/2019.2/lib/lnx64.o/libtcl8.5.so(+0x334af) [0x7f7beb97e4af]
/usr/home/enstb1/Xilinx/Vivado2019.2/Vivado/2019.2/lib/lnx64.o/libtcl8.5.so(+0x76875) [0x7f7beb9c1875]
/usr/home/enstb1/Xilinx/Vivado2019.2/Vivado/2019.2/lib/lnx64.o/libtcl8.5.so(+0x7e029) [0x7f7beb9c9029]
/usr/home/enstb1/Xilinx/Vivado2019.2/Vivado/2019.2/lib/lnx64.o/libtcl8.5.so(TclEvalObjEx+0x76) [0x7f7beb980156]
/usr/home/enstb1/Xilinx/Vivado2019.2/Vivado/2019.2/lib/lnx64.o/librdi_common.so(+0x86d1b1) [0x7f7bf12cd1b1]
/usr/home/enstb1/Xilinx/Vivado2019.2/Vivado/2019.2/lib/lnx64.o/libtcl8.5.so(Tcl_ServiceEvent+0x7f) [0x7f7beb9f2b0f]
/usr/home/enstb1/Xilinx/Vivado2019.2/Vivado/2019.2/lib/lnx64.o/libtcl8.5.so(Tcl_DoOneEvent+0x154) [0x7f7beb9f2e44]
/usr/home/enstb1/Xilinx/Vivado2019.2/Vivado/2019.2/lib/lnx64.o/librdi_commontasks.so(+0x2da555) [0x7f7be5223555]
/usr/home/enstb1/Xilinx/Vivado2019.2/Vivado/2019.2/lib/lnx64.o/librdi_commontasks.so(+0x2df101) [0x7f7be5228101]
/usr/home/enstb1/Xilinx/Vivado2019.2/Vivado/2019.2/lib/lnx64.o/librdi_commontasks.so(+0x2e011e) [0x7f7be522911e]
/usr/home/enstb1/Xilinx/Vivado2019.2/Vivado/2019.2/lib/lnx64.o/librdi_common.so(+0x86eca2) [0x7f7bf12ceca2]
/usr/home/enstb1/Xilinx/Vivado2019.2/Vivado/2019.2/lib/lnx64.o/libtcl8.5.so(+0x334af) [0x7f7beb97e4af]
/usr/home/enstb1/Xilinx/Vivado2019.2/Vivado/2019.2/lib/lnx64.o/libtcl8.5.so(+0x76875) [0x7f7beb9c1875]
/usr/home/enstb1/Xilinx/Vivado2019.2/Vivado/2019.2/lib/lnx64.o/libtcl8.5.so(+0x7e029) [0x7f7beb9c9029]
/usr/home/enstb1/Xilinx/Vivado2019.2/Vivado/2019.2/lib/lnx64.o/libtcl8.5.so(TclEvalObjEx+0x76) [0x7f7beb980156]
/usr/home/enstb1/Xilinx/Vivado2019.2/Vivado/2019.2/lib/lnx64.o/librdi_commonmain.so(+0x7af3) [0x7f7bf0859af3]
/usr/home/enstb1/Xilinx/Vivado2019.2/Vivado/2019.2/lib/lnx64.o/libtcl8.5.so(Tcl_Main+0x1d0) [0x7f7beb9eb210]
/usr/home/enstb1/Xilinx/Vivado2019.2/Vivado/2019.2/lib/lnx64.o/librdi_common.so(+0x8b30cb) [0x7f7bf13130cb]
/lib/x86_64-linux-gnu/libpthread.so.0(+0x8609) [0x7f7bf0066609]
/lib/x86_64-linux-gnu/libc.so.6(clone+0x43) [0x7f7bf01a0133]
